Arguments: 
  C:\Program Files\nodejs\node.exe C:\Program Files (x86)\Yarn\bin\yarn.js preview

PATH: 
  C:\Program Files (x86)\Microsoft\Edge\Application;C:\Python39\Scripts\;C:\Python39\;C:\Program Files\Zulu\zulu-15\bin\;C:\Program Files (x86)\Microsoft SDKs\Azure\CLI2\wbin;C:\Program Files (x86)\Common Files\Intel\Shared Libraries\redist\intel64\compiler;C:\Program Files (x86)\Common Files\Oracle\Java\javapath;C:\WINDOWS\system32;C:\WINDOWS;C:\WINDOWS\System32\Wbem;C:\WINDOWS\System32\WindowsPowerShell\v1.0\;C:\WINDOWS\System32\OpenSSH\;C:\ProgramData\chocolatey\bin;C:\Program Files\dotnet\;C:\Program Files\Microsoft SQL Server\130\Tools\Binn\;C:\Program Files\Microsoft SQL Server\Client SDK\ODBC\170\Tools\Binn\;C:\Program Files (x86)\Yarn\bin\;C:\Program Files\PuTTY\;C:\Program Files\Microsoft VS Code\bin;C:\Program Files\Git\cmd;D:\xampp\php;C:\ProgramData\ComposerSetup\bin;C:\Program Files (x86)\dotnet\;C:\Go\bin;C:\Program Files (x86)\Microsoft SQL Server\150\Tools\Binn\;C:\Program Files\Microsoft SQL Server\150\Tools\Binn\;C:\Program Files\Microsoft SQL Server\150\DTS\Binn\;C:\Program Files (x86)\Microsoft SQL Server\150\DTS\Binn\;C:\Program Files\Azure Data Studio\bin;C:\Program Files\Microsoft SQL Server Migration Assistant for MySQL\bin\;C:\Program Files\nodejs\;C:\Users\smile\AppData\Local\Microsoft\WindowsApps;C:\Users\smile\AppData\Local\Programs\Azure Data Studio\bin;C:\Users\smile\AppData\Local\Programs\Microsoft VS Code\bin;C:\Users\smile\.dotnet\tools;C:\Program Files\Docker Toolbox;C:\Users\smile\AppData\Local\GitHubDesktop\bin;C:\Users\smile\AppData\Local\Yarn\bin;C:\Users\smile\AppData\Local\Programs\Python\Python38\Scripts;C:\Users\smile\AppData\Local\Microsoft\WindowsApps;C:\Users\smile\AppData\Roaming\Composer\vendor\bin;D:\sdk\flutter\bin;C:\Users\smile\.dotnet\tools;c:\Program Files\Git\bin;C:\cygwin64\wget\bin;C:\Users\smile\go\bin;C:\Users\smile\AppData\Local\gitkraken\bin;C:\Program Files\Azure Data Studio\bin;C:\Users\smile\AppData\Roaming\npm

Yarn version: 
  1.22.0

Node version: 
  14.16.0

Platform: 
  win32 x64

Trace: 
  SyntaxError: D:\mixcore\mix.portal.svelte\package.json: Unexpected string in JSON at position 196
      at JSON.parse (<anonymous>)
      at C:\Program Files (x86)\Yarn\lib\cli.js:1625:59
      at Generator.next (<anonymous>)
      at step (C:\Program Files (x86)\Yarn\lib\cli.js:310:30)
      at C:\Program Files (x86)\Yarn\lib\cli.js:321:13

npm manifest: 
  {
  	"name": "mix.spa.portal.svelte",
  	"version": "0.0.1",
  	"scripts": {
  		"dev": "svelte-kit dev",
  		"build": "svelte-kit build",
  		"start": "svelte-kit start",
  		"preview": "svelte-kit preview"
  		"lint": "prettier --check . && eslint --ignore-path .gitignore .",
  		"format": "prettier --write ."
  	},
  	"devDependencies": {
  		"@sveltejs/adapter-node": "next",
  		"@sveltejs/kit": "next",
  		"@typescript-eslint/eslint-plugin": "^4.19.0",
  		"@typescript-eslint/parser": "^4.19.0",
  		"carbon-components-svelte": "^0.31.1",
  		"eslint": "^7.22.0",
  		"eslint-config-prettier": "^8.1.0",
  		"eslint-plugin-svelte3": "^3.1.0",
  		"prettier": "~2.2.1",
  		"prettier-plugin-svelte": "^2.2.0",
  		"sass": "^1.0.0",
  		"svelte": "^3.29.0",
  		"svelte-preprocess": "^4.0.0",
  		"tslib": "^2.0.0",
  		"typescript": "^4.0.0",
  		"vite": "^2.1.0"
  	},
  	"type": "module",
  	"engines": {
  		"node": ">= 12.17.0"
  	},
  	"dependencies": {
  		"carbon-components": "^10.31.0"
  	}
  }

yarn manifest: 
  No manifest

Lockfile: 
  No lockfile
